<?xml version="1.0" encoding="UTF-8"?>
<!-- Generated by org.testng.reporters.JUnitReportReporter -->
<testsuite hostname="LAPTOP-KJ05BKS0" failures="0" tests="13" name="parellel.ParellelRun" time="565.277" errors="1" timestamp="29 Sep 2022 14:57:46 GMT" skipped="2">
  <testcase classname="parellel.ParellelRun" name="runScenario" time="58.505"/>
  <testcase classname="parellel.ParellelRun" name="runScenario" time="41.322"/>
  <testcase classname="parellel.ParellelRun" name="runScenario" time="59.175"/>
  <testcase classname="parellel.ParellelRun" name="runScenario" time="59.006"/>
  <testcase classname="parellel.ParellelRun" name="runScenario" time="51.130">
    <error message="no such element: Unable to locate element: {&quot;method&quot;:&quot;link text&quot;,&quot;selector&quot;:&quot;Forgot your password12?&quot;}
  (Session info: chrome=105.0.5195.127)
For documentation on this error, please visit: https://www.seleniumhq.org/exceptions/no_such_element.html
Build info: version: &#039;3.141.59&#039;, revision: &#039;e82be7d358&#039;, time: &#039;2018-11-14T08:17:03&#039;
System info: host: &#039;LAPTOP-KJ05BKS0&#039;, ip: &#039;192.168.1.6&#039;, os.name: &#039;Windows 10&#039;, os.arch: &#039;amd64&#039;, os.version: &#039;10.0&#039;, java.version: &#039;17.0.1&#039;
Driver info: org.openqa.selenium.chrome.ChromeDriver
Capabilities {acceptInsecureCerts: false, browserName: chrome, browserVersion: 105.0.5195.127, chrome: {chromedriverVersion: 105.0.5195.52 (412c95e51883..., userDataDir: C:\Users\WASEEM~1\AppData\L...}, goog:chromeOptions: {debuggerAddress: localhost:58468}, javascriptEnabled: true, networkConnectionEnabled: false, pageLoadStrategy: normal, platform: WINDOWS, platformName: WINDOWS, proxy: Proxy(), setWindowRect: true, strictFileInteractability: false, timeouts: {implicit: 0, pageLoad: 300000, script: 30000}, unhandledPromptBehavior: dismiss and notify, webauthn:extension:credBlob: true, webauthn:extension:largeBlob: true, webauthn:virtualAuthenticators: true}
Session ID: 51b61e81477e5142392f09c7caeea621
*** Element info: {Using=link text, value=Forgot your password12?}" type="org.openqa.selenium.NoSuchElementException">
      <![CDATA[org.openqa.selenium.NoSuchElementException: no such element: Unable to locate element: {"method":"link text","selector":"Forgot your password12?"}
  (Session info: chrome=105.0.5195.127)
For documentation on this error, please visit: https://www.seleniumhq.org/exceptions/no_such_element.html
Build info: version: '3.141.59', revision: 'e82be7d358', time: '2018-11-14T08:17:03'
System info: host: 'LAPTOP-KJ05BKS0', ip: '192.168.1.6', os.name: 'Windows 10', os.arch: 'amd64', os.version: '10.0', java.version: '17.0.1'
Driver info: org.openqa.selenium.chrome.ChromeDriver
Capabilities {acceptInsecureCerts: false, browserName: chrome, browserVersion: 105.0.5195.127, chrome: {chromedriverVersion: 105.0.5195.52 (412c95e51883..., userDataDir: C:\Users\WASEEM~1\AppData\L...}, goog:chromeOptions: {debuggerAddress: localhost:58468}, javascriptEnabled: true, networkConnectionEnabled: false, pageLoadStrategy: normal, platform: WINDOWS, platformName: WINDOWS, proxy: Proxy(), setWindowRect: true, strictFileInteractability: false, timeouts: {implicit: 0, pageLoad: 300000, script: 30000}, unhandledPromptBehavior: dismiss and notify, webauthn:extension:credBlob: true, webauthn:extension:largeBlob: true, webauthn:virtualAuthenticators: true}
Session ID: 51b61e81477e5142392f09c7caeea621
*** Element info: {Using=link text, value=Forgot your password12?}
at java.base/jdk.internal.reflect.NativeConstructorAccessorImpl.newInstance0(Native Method)
at java.base/jdk.internal.reflect.NativeConstructorAccessorImpl.newInstance(NativeConstructorAccessorImpl.java:77)
at java.base/jdk.internal.reflect.DelegatingConstructorAccessorImpl.newInstance(DelegatingConstructorAccessorImpl.java:45)
at java.base/java.lang.reflect.Constructor.newInstanceWithCaller(Constructor.java:499)
at java.base/java.lang.reflect.Constructor.newInstance(Constructor.java:480)
at org.openqa.selenium.remote.http.W3CHttpResponseCodec.createException(W3CHttpResponseCodec.java:187)
at org.openqa.selenium.remote.http.W3CHttpResponseCodec.decode(W3CHttpResponseCodec.java:122)
at org.openqa.selenium.remote.http.W3CHttpResponseCodec.decode(W3CHttpResponseCodec.java:49)
at org.openqa.selenium.remote.HttpCommandExecutor.execute(HttpCommandExecutor.java:158)
at org.openqa.selenium.remote.service.DriverCommandExecutor.execute(DriverCommandExecutor.java:83)
at org.openqa.selenium.remote.RemoteWebDriver.execute(RemoteWebDriver.java:552)
at org.openqa.selenium.remote.RemoteWebDriver.findElement(RemoteWebDriver.java:323)
at org.openqa.selenium.remote.RemoteWebDriver.findElementByLinkText(RemoteWebDriver.java:380)
at org.openqa.selenium.By$ByLinkText.findElement(By.java:220)
at org.openqa.selenium.remote.RemoteWebDriver.findElement(RemoteWebDriver.java:315)
at com.pages.LoginPage.isForgotpasswordlinkExist(LoginPage.java:30)
at parellel.LoginPageSteps.forgot_your_password_link_should_be_displayed(LoginPageSteps.java:34)
at âœ½.forgot your password link should be displayed(file:///C:/Users/Waseem%20Akram/eclipse-workspace/CucumberPOMSeries/src/test/resources/parellel/LoginPage.feature:13)
]]>
    </error>
  </testcase> <!-- runScenario -->
  <testcase classname="parellel.ParellelRun" name="runScenario" time="9.847">
    <skipped/>
  </testcase> <!-- runScenario -->
  <testcase classname="parellel.ParellelRun" name="runScenario" time="59.328"/>
  <testcase classname="parellel.ParellelRun" name="runScenario" time="48.123"/>
  <testcase classname="parellel.ParellelRun" name="runScenario" time="45.667"/>
  <testcase classname="parellel.ParellelRun" name="runScenario" time="34.648"/>
  <testcase classname="parellel.ParellelRun" name="runScenario" time="50.713"/>
  <testcase classname="parellel.ParellelRun" name="runScenario" time="37.966"/>
  <testcase classname="parellel.ParellelRun" name="runScenario" time="9.847">
    <skipped/>
  </testcase> <!-- runScenario -->
</testsuite> <!-- parellel.ParellelRun -->
